Assembler report for encode
Sat Feb 18 13:50:16 2006
Version 5.0 Build 148 04/26/2005 SJ Full Version


---------------------
; Table of Contents ;
---------------------
  1. Legal Notice
  2. Assembler Summary
  3. Assembler Settings
  4. Assembler Generated Files
  5. Assembler Device Options: E:/Cindy/DevelopBoard/EDA主板/max1270/示例程序/veriloge/基础实验/8位优先编码器/encode.pof
  6. Assembler Messages



----------------
; Legal Notice ;
----------------
Copyright (C) 1991-2005 Altera Corporation
Your use of Altera Corporation's design tools, logic functions 
and other software and tools, and its AMPP partner logic       
functions, and any output files any of the foregoing           
(including device programming or simulation files), and any    
associated documentation or information are expressly subject  
to the terms and conditions of the Altera Program License      
Subscription Agreement, Altera MegaCore Function License       
Agreement, or other applicable license agreement, including,   
without limitation, that your use is for the sole purpose of   
programming logic devices manufactured by Altera and sold by   
Altera or its authorized distributors.  Please refer to the    
applicable agreement for further details.



+---------------------------------------------------------------+
; Assembler Summary                                             ;
+-----------------------+---------------------------------------+
; Assembler Status      ; Successful - Sat Feb 18 13:50:16 2006 ;
; Revision Name         ; encode                                ;
; Top-level Entity Name ; encode                                ;
; Family                ; MAX II                                ;
; Device                ; EPM1270T144C5                         ;
+-----------------------+---------------------------------------+


+------------------------------------------------------------------------------------------------------------+
; Assembler Settings                                                                                         ;
+--------------------------------------------------------------------------------+-----------+---------------+
; Option                                                                         ; Setting   ; Default Value ;
+--------------------------------------------------------------------------------+-----------+---------------+
; Use smart compilation                                                          ; Off       ; Off           ;
; Generate Serial Vector Format File (.svf) for Target Device                    ; Off       ; Off           ;
; Generate a JEDEC STAPL Format File (.jam) for Target Device                    ; Off       ; Off           ;
; Generate an uncompressed Jam STAPL Byte Code 2.0 File (.jbc) for Target Device ; Off       ; Off           ;
; Generate a compressed Jam STAPL Byte Code 2.0 File (.jbc) for Target Device    ; On        ; On            ;
; In-System Programming Default Clamp State                                      ; Tri-state ; Tri-state     ;
; Compression mode                                                               ; Off       ; Off           ;
; Clock source for configuration device                                          ; Internal  ; Internal      ;
; Clock frequency of the configuration device                                    ; 10 MHz    ; 10 MHz        ;
; Divide clock frequency by                                                      ; 1         ; 1             ;
; JTAG user code for target device                                               ; Ffffffff  ; Ffffffff      ;
; Auto user code                                                                 ; off       ; off           ;
; Security bit                                                                   ; off       ; off           ;
; Configuration device                                                           ; Auto      ; Auto          ;
; JTAG user code for configuration device                                        ; Ffffffff  ; Ffffffff      ;
; Configuration device auto user code                                            ; off       ; off           ;
; Generate Tabular Text File (.ttf) For Target Device                            ; Off       ; Off           ;
; Generate Raw Binary File (.rbf) For Target Device                              ; Off       ; Off           ;
; Generate Hexadecimal (Intel-Format) Output File (.hexout) for Target Device    ; Off       ; Off           ;
; Hexadecimal Output File start address                                          ; 0         ; 0             ;
; Hexadecimal Output File count direction                                        ; Up        ; Up            ;
+--------------------------------------------------------------------------------+-----------+---------------+


+-------------------------------------------------------------------------------------------+
; Assembler Generated Files                                                                 ;
+-------------------------------------------------------------------------------------------+
; File Name                                                                                 ;
+-------------------------------------------------------------------------------------------+
; E:/Cindy/DevelopBoard/EDA主板/max1270/示例程序/veriloge/基础实验/8位优先编码器/encode.pof ;
+-------------------------------------------------------------------------------------------+


+---------------------------------------------------------------------------------------------------------------------+
; Assembler Device Options: E:/Cindy/DevelopBoard/EDA主板/max1270/示例程序/veriloge/基础实验/8位优先编码器/encode.pof ;
+----------------+----------------------------------------------------------------------------------------------------+
; Option         ; Setting                                                                                            ;
+----------------+----------------------------------------------------------------------------------------------------+
; Device         ; EPM1270T144C5                                                                                      ;
; JTAG usercode  ; 0x00000000                                                                                         ;
; Checksum       ; 0x0062BF56                                                                                         ;
+----------------+----------------------------------------------------------------------------------------------------+


+--------------------+
; Assembler Messages ;
+--------------------+
Info: *******************************************************************
Info: Running Quartus II Assembler
    Info: Version 5.0 Build 148 04/26/2005 SJ Full Version
    Info: Processing started: Sat Feb 18 13:50:15 2006
Info: Command: quartus_asm --read_settings_files=off --write_settings_files=off encode -c encode
Info: Quartus II Assembler was successful. 0 errors, 0 warnings
    Info: Processing ended: Sat Feb 18 13:50:16 2006
    Info: Elapsed time: 00:00:02


